Using pre-set license
Built from '2020.3/staging' branch; Version is '2020.3.17f1 (a4537701e4ab) revision 10769271'; Using compiler version '192528614'; Build Type 'Release'
OS: 'Windows 10 Pro; OS build 19042.1348; Version 2009; 64bit' Language: 'es' Physical Memory: 16315 MB
BatchMode: 1, IsHumanControllingUs: 0, StartBugReporterOnCrash: 0, Is64bit: 1, IsPro: 0

COMMAND LINE ARGUMENTS:
C:\Program Files\Unity\Hub\Editor\2020.3.17f1\Editor\Unity.exe
-adb2
-batchMode
-noUpm
-name
AssetImportWorker0
-projectPath
C:/Users/admin/Documents/GitHub/jack-in-the-box-2-ahora-ma-violento-que-antes
-logFile
Logs/AssetImportWorker0.log
-srvPort
58656
Successfully changed project path to: C:/Users/admin/Documents/GitHub/jack-in-the-box-2-ahora-ma-violento-que-antes
C:/Users/admin/Documents/GitHub/jack-in-the-box-2-ahora-ma-violento-que-antes
Using Asset Import Pipeline V2.
Refreshing native plugins compatible for Editor in 41.27 ms, found 2 plugins.
Preloading 0 native plugins for Editor in 0.00 ms.
Initialize engine version: 2020.3.17f1 (a4537701e4ab)
[Subsystems] Discovering subsystems at path C:/Program Files/Unity/Hub/Editor/2020.3.17f1/Editor/Data/Resources/UnitySubsystems
[Subsystems] Discovering subsystems at path C:/Users/admin/Documents/GitHub/jack-in-the-box-2-ahora-ma-violento-que-antes/Assets
GfxDevice: creating device client; threaded=0
Direct3D:
    Version:  Direct3D 11.0 [level 11.1]
    Renderer: AMD Radeon RX 5600 XT (ID=0x731f)
    Vendor:   
    VRAM:     6103 MB
    Driver:   27.20.22025.1006
Initialize mono
Mono path[0] = 'C:/Program Files/Unity/Hub/Editor/2020.3.17f1/Editor/Data/Managed'
Mono path[1] = 'C:/Program Files/Unity/Hub/Editor/2020.3.17f1/Editor/Data/MonoBleedingEdge/lib/mono/unityjit'
Mono config path = 'C:/Program Files/Unity/Hub/Editor/2020.3.17f1/Editor/Data/MonoBleedingEdge/etc'
Using monoOptions --debugger-agent=transport=dt_socket,embedding=1,server=y,suspend=n,address=127.0.0.1:56632
Begin MonoManager ReloadAssembly
Registering precompiled unity dll's ...
Register platform support module: C:/Program Files/Unity/Hub/Editor/2020.3.17f1/Editor/Data/PlaybackEngines/WindowsStandaloneSupport/UnityEditor.WindowsStandalone.Extensions.dll
Registered in 0.003035 seconds.
Native extension for WindowsStandalone target not found
Refreshing native plugins compatible for Editor in 39.04 ms, found 2 plugins.
Preloading 0 native plugins for Editor in 0.00 ms.
Mono: successfully reloaded assembly
- Completed reload, in  1.295 seconds
Domain Reload Profiling:
	ReloadAssembly (1295ms)
		BeginReloadAssembly (62ms)
			ExecutionOrderSort (0ms)
			DisableScriptedObjects (0ms)
			BackupInstance (0ms)
			ReleaseScriptingObjects (0ms)
			CreateAndSetChildDomain (1ms)
		EndReloadAssembly (463ms)
			LoadAssemblies (59ms)
			RebuildTransferFunctionScriptingTraits (0ms)
			SetupTypeCache (156ms)
			ReleaseScriptCaches (0ms)
			RebuildScriptCaches (30ms)
			SetupLoadedEditorAssemblies (198ms)
				LogAssemblyErrors (0ms)
				InitializePlatformSupportModulesInManaged (4ms)
				SetLoadedEditorAssemblies (0ms)
				RefreshPlugins (39ms)
				BeforeProcessingInitializeOnLoad (17ms)
				ProcessInitializeOnLoadAttributes (83ms)
				ProcessInitializeOnLoadMethodAttributes (54ms)
				AfterProcessingInitializeOnLoad (0ms)
				EditorAssembliesLoaded (0ms)
			ExecutionOrderSort2 (0ms)
			AwakeInstancesAfterBackupRestoration (0ms)
Platform modules already initialized, skipping
Registering precompiled user dll's ...
Registered in 0.005650 seconds.
Begin MonoManager ReloadAssembly
Native extension for WindowsStandalone target not found
Refreshing native plugins compatible for Editor in 0.44 ms, found 2 plugins.
Preloading 0 native plugins for Editor in 0.00 ms.
Mono: successfully reloaded assembly
- Completed reload, in  1.377 seconds
Domain Reload Profiling:
	ReloadAssembly (1378ms)
		BeginReloadAssembly (161ms)
			ExecutionOrderSort (0ms)
			DisableScriptedObjects (5ms)
			BackupInstance (0ms)
			ReleaseScriptingObjects (0ms)
			CreateAndSetChildDomain (19ms)
		EndReloadAssembly (1143ms)
			LoadAssemblies (95ms)
			RebuildTransferFunctionScriptingTraits (0ms)
			SetupTypeCache (292ms)
			ReleaseScriptCaches (0ms)
			RebuildScriptCaches (44ms)
			SetupLoadedEditorAssemblies (606ms)
				LogAssemblyErrors (0ms)
				InitializePlatformSupportModulesInManaged (6ms)
				SetLoadedEditorAssemblies (0ms)
				RefreshPlugins (1ms)
				BeforeProcessingInitializeOnLoad (98ms)
				ProcessInitializeOnLoadAttributes (486ms)
				ProcessInitializeOnLoadMethodAttributes (5ms)
				AfterProcessingInitializeOnLoad (10ms)
				EditorAssembliesLoaded (0ms)
			ExecutionOrderSort2 (0ms)
			AwakeInstancesAfterBackupRestoration (7ms)
Platform modules already initialized, skipping
========================================================================
Worker process is ready to serve import requests
Launched and connected shader compiler UnityShaderCompiler.exe after 0.12 seconds
Refreshing native plugins compatible for Editor in 0.44 ms, found 2 plugins.
Preloading 0 native plugins for Editor in 0.00 ms.
Unloading 1530 Unused Serialized files (Serialized files now loaded: 0)
System memory in use before: 76.2 MB.
System memory in use after: 76.2 MB.

Unloading 19 unused Assets to reduce memory usage. Loaded Objects now: 1966.
Total: 3.542100 ms (FindLiveObjects: 0.177500 ms CreateObjectMapping: 0.038000 ms MarkObjects: 3.226000 ms  DeleteObjects: 0.099100 ms)

AssetImportParameters requested are different than current active one (requested -> active):
  custom:framework-win-MediaFoundation: 216162199b28c13a410421893ffa2e32 -> 
  custom:video-decoder-ogg-theora: a1e56fd34408186e4bbccfd4996cb3dc -> 
  custom:container-muxer-webm: aa71ff27fc2769a1b78a27578f13a17b -> 
  custom:container-demuxer-webm: 4f35f7cbe854078d1ac9338744f61a02 -> 
  custom:container-demuxer-ogg: 62fdf1f143b41e24485cea50d1cbac27 -> 
  custom:video-encoder-webm-vp8: eb34c28f22e8b96e1ab97ce403110664 -> 
  custom:video-decoder-webm-vp8: 9c59270c3fd7afecdb556c50c9e8de78 -> 
  custom:audio-decoder-ogg-vorbis: bf7c407c2cedff20999df2af8eb42d56 -> 
  custom:audio-encoder-webm-vorbis: bf7c407c2cedff20999df2af8eb42d56 -> 
========================================================================
Received Import Request.
  path: Assets/Tuers Cardboard.ttf
  artifactKey: Guid(8244a8a51471c14458ae477d6f468814) Importer(815301076,1909f56bfc062723c751e8b465ee728b)
Start importing Assets/Tuers Cardboard.ttf using Guid(8244a8a51471c14458ae477d6f468814) Importer(815301076,1909f56bfc062723c751e8b465ee728b)  -> (artifact id: 'c9c0ab31a8a993e3e2802b799227a925') in 0.340972 seconds 
  Import took 0.343665 seconds .

========================================================================
Received Import Request.
  Time since last request: 29.308539 seconds.
  path: Assets/Prefabs/material/Material.001.mat
  artifactKey: Guid(38c4a3d9cda17ba4e90747be0a95d199) Importer(815301076,1909f56bfc062723c751e8b465ee728b)
Start importing Assets/Prefabs/material/Material.001.mat using Guid(38c4a3d9cda17ba4e90747be0a95d199) Importer(815301076,1909f56bfc062723c751e8b465ee728b)  -> (artifact id: '10af310f6c3618accf2a2e8b0906f023') in 0.067023 seconds 
  Import took 0.069630 seconds .

========================================================================
Received Import Request.
  Time since last request: 0.000174 seconds.
  path: Assets/Prefabs/material/Material.012.mat
  artifactKey: Guid(78ebab8ac615cd74998bdc88749e1fa1) Importer(815301076,1909f56bfc062723c751e8b465ee728b)
Start importing Assets/Prefabs/material/Material.012.mat using Guid(78ebab8ac615cd74998bdc88749e1fa1) Importer(815301076,1909f56bfc062723c751e8b465ee728b)  -> (artifact id: '9c15f59060f0976de6f63d0fc8505ac9') in 0.016733 seconds 
  Import took 0.019105 seconds .

========================================================================
Received Import Request.
  Time since last request: 0.000215 seconds.
  path: Assets/Prefabs/material/Material.073.mat
  artifactKey: Guid(8a01d910159d71e42bfe677915ce879b) Importer(815301076,1909f56bfc062723c751e8b465ee728b)
Start importing Assets/Prefabs/material/Material.073.mat using Guid(8a01d910159d71e42bfe677915ce879b) Importer(815301076,1909f56bfc062723c751e8b465ee728b)  -> (artifact id: '83f3ab7ac0db0a7cb2390058722b784c') in 0.014570 seconds 
  Import took 0.017163 seconds .

========================================================================
Received Import Request.
  Time since last request: 0.000178 seconds.
  path: Assets/Prefabs/material/Material.109 2.mat
  artifactKey: Guid(fbf0f551a2961f5479950539bdb8d4f5) Importer(815301076,1909f56bfc062723c751e8b465ee728b)
Start importing Assets/Prefabs/material/Material.109 2.mat using Guid(fbf0f551a2961f5479950539bdb8d4f5) Importer(815301076,1909f56bfc062723c751e8b465ee728b)  -> (artifact id: '715171f6ce0293b3d948532d80562559') in 0.013146 seconds 
  Import took 0.015525 seconds .

========================================================================
Received Import Request.
  Time since last request: 0.000241 seconds.
  path: Assets/Prefabs/material/Material.102.mat
  artifactKey: Guid(27ea87e5ba5f3bf4ca67fbe2949bb12b) Importer(815301076,1909f56bfc062723c751e8b465ee728b)
Start importing Assets/Prefabs/material/Material.102.mat using Guid(27ea87e5ba5f3bf4ca67fbe2949bb12b) Importer(815301076,1909f56bfc062723c751e8b465ee728b)  -> (artifact id: 'a030e2c4d886ae255d96c381b53724e3') in 0.015980 seconds 
  Import took 0.018616 seconds .

========================================================================
Received Import Request.
  Time since last request: 0.000177 seconds.
  path: Assets/Prefabs/material/Material.002.mat
  artifactKey: Guid(ccb7df570607bd0409e39498f0d18ffe) Importer(815301076,1909f56bfc062723c751e8b465ee728b)
Start importing Assets/Prefabs/material/Material.002.mat using Guid(ccb7df570607bd0409e39498f0d18ffe) Importer(815301076,1909f56bfc062723c751e8b465ee728b)  -> (artifact id: '7ab2b3ac87cf9b95e1b7703eee643fec') in 0.012385 seconds 
  Import took 0.014705 seconds .

========================================================================
Received Import Request.
  Time since last request: 0.000176 seconds.
  path: Assets/Prefabs/material/Material.007.mat
  artifactKey: Guid(a7b93358ceaaa8d4f95bc3707854fc67) Importer(815301076,1909f56bfc062723c751e8b465ee728b)
Start importing Assets/Prefabs/material/Material.007.mat using Guid(a7b93358ceaaa8d4f95bc3707854fc67) Importer(815301076,1909f56bfc062723c751e8b465ee728b)  -> (artifact id: 'e1d7227b1f6337376b8e26eadea0efa8') in 0.012812 seconds 
  Import took 0.015209 seconds .

========================================================================
Received Import Request.
  Time since last request: 0.000194 seconds.
  path: Assets/Prefabs/material/Material.058.mat
  artifactKey: Guid(e97e217909605404ea4c44687d9585f6) Importer(815301076,1909f56bfc062723c751e8b465ee728b)
Start importing Assets/Prefabs/material/Material.058.mat using Guid(e97e217909605404ea4c44687d9585f6) Importer(815301076,1909f56bfc062723c751e8b465ee728b)  -> (artifact id: '129dc82dfa79a384c9cd3d4ee7e1b235') in 0.012072 seconds 
  Import took 0.014526 seconds .

========================================================================
Received Import Request.
  Time since last request: 0.000167 seconds.
  path: Assets/Prefabs/material/Material.079.mat
  artifactKey: Guid(0aa435c569b3579428785e20e19b2d3e) Importer(815301076,1909f56bfc062723c751e8b465ee728b)
Start importing Assets/Prefabs/material/Material.079.mat using Guid(0aa435c569b3579428785e20e19b2d3e) Importer(815301076,1909f56bfc062723c751e8b465ee728b)  -> (artifact id: '296b842bc9efae8a12c129e20eaeaf98') in 0.012095 seconds 
  Import took 0.014511 seconds .

========================================================================
Received Import Request.
  Time since last request: 0.000202 seconds.
  path: Assets/Prefabs/material/Material.064.mat
  artifactKey: Guid(e25b08e17c38c0d42b37468743ec3424) Importer(815301076,1909f56bfc062723c751e8b465ee728b)
Start importing Assets/Prefabs/material/Material.064.mat using Guid(e25b08e17c38c0d42b37468743ec3424) Importer(815301076,1909f56bfc062723c751e8b465ee728b)  -> (artifact id: 'd36bcb21e425e001ba06ebba827bf5ad') in 0.013150 seconds 
  Import took 0.015455 seconds .

========================================================================
Received Import Request.
  Time since last request: 0.000202 seconds.
  path: Assets/Prefabs/material/Material.067.mat
  artifactKey: Guid(dc6d3f7d3566df04c90ffae7b7582a16) Importer(815301076,1909f56bfc062723c751e8b465ee728b)
Start importing Assets/Prefabs/material/Material.067.mat using Guid(dc6d3f7d3566df04c90ffae7b7582a16) Importer(815301076,1909f56bfc062723c751e8b465ee728b)  -> (artifact id: '46bea653a7485c63a0ffb4d03697b0e0') in 0.014570 seconds 
  Import took 0.016965 seconds .

========================================================================
Received Import Request.
  Time since last request: 0.000228 seconds.
  path: Assets/Prefabs/material/Material.008.mat
  artifactKey: Guid(1c95423798eace64e983459bb2c01f9b) Importer(815301076,1909f56bfc062723c751e8b465ee728b)
Start importing Assets/Prefabs/material/Material.008.mat using Guid(1c95423798eace64e983459bb2c01f9b) Importer(815301076,1909f56bfc062723c751e8b465ee728b)  -> (artifact id: '73c8fd60a296bfceef2bd974361b15f9') in 0.013975 seconds 
  Import took 0.016613 seconds .

========================================================================
Received Import Request.
  Time since last request: 0.000175 seconds.
  path: Assets/Prefabs/material/Material.045.mat
  artifactKey: Guid(f2d73021cae6ae64aa5e14339a50f4a1) Importer(815301076,1909f56bfc062723c751e8b465ee728b)
Start importing Assets/Prefabs/material/Material.045.mat using Guid(f2d73021cae6ae64aa5e14339a50f4a1) Importer(815301076,1909f56bfc062723c751e8b465ee728b)  -> (artifact id: '40bf3c7f5829042abadab2280f5db8f4') in 0.012565 seconds 
  Import took 0.014994 seconds .

========================================================================
Received Import Request.
  Time since last request: 0.000204 seconds.
  path: Assets/Prefabs/material/Material.036.mat
  artifactKey: Guid(319b3dc9d6ab95b49aebd6a4ea7ec950) Importer(815301076,1909f56bfc062723c751e8b465ee728b)
Start importing Assets/Prefabs/material/Material.036.mat using Guid(319b3dc9d6ab95b49aebd6a4ea7ec950) Importer(815301076,1909f56bfc062723c751e8b465ee728b)  -> (artifact id: '2aee880e78823ecf59a07788467586db') in 0.013351 seconds 
  Import took 0.015813 seconds .

========================================================================
Received Import Request.
  Time since last request: 0.000164 seconds.
  path: Assets/Prefabs/material/Material.053.mat
  artifactKey: Guid(ad9c6e2628b801f459405e96cc8ee9ab) Importer(815301076,1909f56bfc062723c751e8b465ee728b)
Start importing Assets/Prefabs/material/Material.053.mat using Guid(ad9c6e2628b801f459405e96cc8ee9ab) Importer(815301076,1909f56bfc062723c751e8b465ee728b)  -> (artifact id: 'ab8a89ef5f7208943b55ec680a54cd20') in 0.014873 seconds 
  Import took 0.017284 seconds .

========================================================================
Received Import Request.
  Time since last request: 0.000181 seconds.
  path: Assets/Prefabs/material/Material.095.mat
  artifactKey: Guid(117ebd8f4516a3c4b9250ae6c7d616cf) Importer(815301076,1909f56bfc062723c751e8b465ee728b)
Start importing Assets/Prefabs/material/Material.095.mat using Guid(117ebd8f4516a3c4b9250ae6c7d616cf) Importer(815301076,1909f56bfc062723c751e8b465ee728b)  -> (artifact id: '3ebed94baba9b3e8923c331fcccad873') in 0.012302 seconds 
  Import took 0.014637 seconds .

========================================================================
Received Import Request.
  Time since last request: 0.000160 seconds.
  path: Assets/Prefabs/material/Material.055.mat
  artifactKey: Guid(e2300efc8f6f22c49b164750fa99d049) Importer(815301076,1909f56bfc062723c751e8b465ee728b)
Start importing Assets/Prefabs/material/Material.055.mat using Guid(e2300efc8f6f22c49b164750fa99d049) Importer(815301076,1909f56bfc062723c751e8b465ee728b)  -> (artifact id: '1cfc5a49395420e6bdfa0c9f1c7d9c5a') in 0.012980 seconds 
  Import took 0.015337 seconds .

========================================================================
Received Import Request.
  Time since last request: 0.000217 seconds.
  path: Assets/Prefabs/material/Material.082.mat
  artifactKey: Guid(f707d946d9b2d964aad54e8f49039cdb) Importer(815301076,1909f56bfc062723c751e8b465ee728b)
Start importing Assets/Prefabs/material/Material.082.mat using Guid(f707d946d9b2d964aad54e8f49039cdb) Importer(815301076,1909f56bfc062723c751e8b465ee728b)  -> (artifact id: '95d6db734afcda46e18469b136f7af16') in 0.013365 seconds 
  Import took 0.016099 seconds .

========================================================================
Received Import Request.
  Time since last request: 0.000164 seconds.
  path: Assets/Prefabs/material/Material.108 1.mat
  artifactKey: Guid(a75d10d89b585e140a752e5471694159) Importer(815301076,1909f56bfc062723c751e8b465ee728b)
Start importing Assets/Prefabs/material/Material.108 1.mat using Guid(a75d10d89b585e140a752e5471694159) Importer(815301076,1909f56bfc062723c751e8b465ee728b)  -> (artifact id: '338dc07606de6e6c1947c395977df2d2') in 0.012611 seconds 
  Import took 0.015003 seconds .

========================================================================
Received Import Request.
  Time since last request: 0.000243 seconds.
  path: Assets/Prefabs/material/Material.041.mat
  artifactKey: Guid(bf01d056eccfda34d8bdac36b0723480) Importer(815301076,1909f56bfc062723c751e8b465ee728b)
Start importing Assets/Prefabs/material/Material.041.mat using Guid(bf01d056eccfda34d8bdac36b0723480) Importer(815301076,1909f56bfc062723c751e8b465ee728b)  -> (artifact id: '57810e8e02c7a88142f16fb19a2d27cd') in 0.013758 seconds 
  Import took 0.016460 seconds .

========================================================================
Received Import Request.
  Time since last request: 0.000220 seconds.
  path: Assets/Prefabs/material/Material.061.mat
  artifactKey: Guid(2d6e37810eedd47458a0703fa628ea9b) Importer(815301076,1909f56bfc062723c751e8b465ee728b)
Start importing Assets/Prefabs/material/Material.061.mat using Guid(2d6e37810eedd47458a0703fa628ea9b) Importer(815301076,1909f56bfc062723c751e8b465ee728b)  -> (artifact id: '326dea13c57fc44153c7dfa30969a6f8') in 0.012615 seconds 
  Import took 0.015232 seconds .

========================================================================
Received Import Request.
  Time since last request: 0.000191 seconds.
  path: Assets/Prefabs/material/Material.108 2.mat
  artifactKey: Guid(829a3c8b37257634abc545e0c608ac66) Importer(815301076,1909f56bfc062723c751e8b465ee728b)
Start importing Assets/Prefabs/material/Material.108 2.mat using Guid(829a3c8b37257634abc545e0c608ac66) Importer(815301076,1909f56bfc062723c751e8b465ee728b)  -> (artifact id: '79e3f9b78b78fd5971368dd92b6f0819') in 0.013613 seconds 
  Import took 0.016030 seconds .

========================================================================
Received Import Request.
  Time since last request: 0.000229 seconds.
  path: Assets/Prefabs/material/Material.052.mat
  artifactKey: Guid(7b662aec31caeec47bfde14b34f7c966) Importer(815301076,1909f56bfc062723c751e8b465ee728b)
Start importing Assets/Prefabs/material/Material.052.mat using Guid(7b662aec31caeec47bfde14b34f7c966) Importer(815301076,1909f56bfc062723c751e8b465ee728b)  -> (artifact id: '6e59227554e77cbaff47133b386a4a74') in 0.012072 seconds 
  Import took 0.014777 seconds .

========================================================================
Received Import Request.
  Time since last request: 0.000180 seconds.
  path: Assets/Prefabs/material/Material.059.mat
  artifactKey: Guid(5944194953420f4489f4599e4ac71c2b) Importer(815301076,1909f56bfc062723c751e8b465ee728b)
Start importing Assets/Prefabs/material/Material.059.mat using Guid(5944194953420f4489f4599e4ac71c2b) Importer(815301076,1909f56bfc062723c751e8b465ee728b)  -> (artifact id: '129aee2ad35d0c38ad6d32b8bcf8916c') in 0.013121 seconds 
  Import took 0.015737 seconds .

========================================================================
Received Import Request.
  Time since last request: 0.000226 seconds.
  path: Assets/Prefabs/material/Material.075.mat
  artifactKey: Guid(550c14dd9fd7fa64aba4cbaaf4e9b31f) Importer(815301076,1909f56bfc062723c751e8b465ee728b)
Start importing Assets/Prefabs/material/Material.075.mat using Guid(550c14dd9fd7fa64aba4cbaaf4e9b31f) Importer(815301076,1909f56bfc062723c751e8b465ee728b)  -> (artifact id: '074a8c4e79906c4c842b0e05a4db3d85') in 0.012056 seconds 
  Import took 0.014511 seconds .

========================================================================
Received Import Request.
  Time since last request: 0.000182 seconds.
  path: Assets/Prefabs/material/Material.094.mat
  artifactKey: Guid(37a9c27281818eb45b622bc5ad13be66) Importer(815301076,1909f56bfc062723c751e8b465ee728b)
Start importing Assets/Prefabs/material/Material.094.mat using Guid(37a9c27281818eb45b622bc5ad13be66) Importer(815301076,1909f56bfc062723c751e8b465ee728b)  -> (artifact id: '6f02e5b66ecb22bf790cf946d5aade91') in 0.012238 seconds 
  Import took 0.014947 seconds .

========================================================================
Received Import Request.
  Time since last request: 0.000191 seconds.
  path: Assets/Prefabs/material/Material.108.mat
  artifactKey: Guid(b83961c90eb0523409d3a71395965a99) Importer(815301076,1909f56bfc062723c751e8b465ee728b)
Start importing Assets/Prefabs/material/Material.108.mat using Guid(b83961c90eb0523409d3a71395965a99) Importer(815301076,1909f56bfc062723c751e8b465ee728b)  -> (artifact id: '819336947280ee374b9b47740de39832') in 0.016037 seconds 
  Import took 0.018785 seconds .

========================================================================
Received Import Request.
  Time since last request: 0.000236 seconds.
  path: Assets/Prefabs/material/Material.083.mat
  artifactKey: Guid(e07a46b4e2abdc1418dd43f7136863b6) Importer(815301076,1909f56bfc062723c751e8b465ee728b)
Start importing Assets/Prefabs/material/Material.083.mat using Guid(e07a46b4e2abdc1418dd43f7136863b6) Importer(815301076,1909f56bfc062723c751e8b465ee728b)  -> (artifact id: 'f2800710b6e0bf81a00f8243f33c3df9') in 0.013168 seconds 
  Import took 0.016078 seconds .

========================================================================
Received Import Request.
  Time since last request: 0.000224 seconds.
  path: Assets/Prefabs/material/Material.100.mat
  artifactKey: Guid(0f01f7a9e4318274a990d9ae7f1e6ad8) Importer(815301076,1909f56bfc062723c751e8b465ee728b)
Start importing Assets/Prefabs/material/Material.100.mat using Guid(0f01f7a9e4318274a990d9ae7f1e6ad8) Importer(815301076,1909f56bfc062723c751e8b465ee728b)  -> (artifact id: '3ff79555460e9bc07dcf592267b5468a') in 0.012015 seconds 
  Import took 0.014688 seconds .

========================================================================
Received Import Request.
  Time since last request: 0.000373 seconds.
  path: Assets/Prefabs/material/Material.003.mat
  artifactKey: Guid(6a577684d94ae144cbfc15c71c8c0247) Importer(815301076,1909f56bfc062723c751e8b465ee728b)
Start importing Assets/Prefabs/material/Material.003.mat using Guid(6a577684d94ae144cbfc15c71c8c0247) Importer(815301076,1909f56bfc062723c751e8b465ee728b)  -> (artifact id: 'b46f2193b8e764d516d7494d5ffcbdd4') in 0.013567 seconds 
  Import took 0.016270 seconds .

========================================================================
Received Import Request.
  Time since last request: 0.000217 seconds.
  path: Assets/Prefabs/material/Material.089.mat
  artifactKey: Guid(2978624909fd17d4ebd8da3520f00a1c) Importer(815301076,1909f56bfc062723c751e8b465ee728b)
Start importing Assets/Prefabs/material/Material.089.mat using Guid(2978624909fd17d4ebd8da3520f00a1c) Importer(815301076,1909f56bfc062723c751e8b465ee728b)  -> (artifact id: 'a6a3b26fec8346483d970ad378d0db19') in 0.014290 seconds 
  Import took 0.016678 seconds .

========================================================================
Received Import Request.
  Time since last request: 0.000219 seconds.
  path: Assets/Prefabs/material/Material.090.mat
  artifactKey: Guid(2ad6933a6824af74fb817e0ff90efb5a) Importer(815301076,1909f56bfc062723c751e8b465ee728b)
Start importing Assets/Prefabs/material/Material.090.mat using Guid(2ad6933a6824af74fb817e0ff90efb5a) Importer(815301076,1909f56bfc062723c751e8b465ee728b)  -> (artifact id: 'd306d64daeba12c6d6561dc7c5f33d55') in 0.012878 seconds 
  Import took 0.015531 seconds .

========================================================================
Received Import Request.
  Time since last request: 0.000168 seconds.
  path: Assets/Prefabs/material/Material.069.mat
  artifactKey: Guid(9ecfca83bd0c53442bbac5b5767e4d3a) Importer(815301076,1909f56bfc062723c751e8b465ee728b)
Start importing Assets/Prefabs/material/Material.069.mat using Guid(9ecfca83bd0c53442bbac5b5767e4d3a) Importer(815301076,1909f56bfc062723c751e8b465ee728b)  -> (artifact id: 'fe4f9a37f4bbecab9d716709529a8d72') in 0.012708 seconds 
  Import took 0.015063 seconds .

========================================================================
Received Import Request.
  Time since last request: 0.000171 seconds.
  path: Assets/Prefabs/material/Material.065.mat
  artifactKey: Guid(6b9c26256ff129c44aae69151c365243) Importer(815301076,1909f56bfc062723c751e8b465ee728b)
Start importing Assets/Prefabs/material/Material.065.mat using Guid(6b9c26256ff129c44aae69151c365243) Importer(815301076,1909f56bfc062723c751e8b465ee728b)  -> (artifact id: '2dfe8af512b2fddb1141997db50ae5cc') in 0.012731 seconds 
  Import took 0.015111 seconds .

========================================================================
Received Import Request.
  Time since last request: 0.000166 seconds.
  path: Assets/Prefabs/material/Material.098.mat
  artifactKey: Guid(5d2aec5ec2ccc314da75c3b1accf0ddc) Importer(815301076,1909f56bfc062723c751e8b465ee728b)
Start importing Assets/Prefabs/material/Material.098.mat using Guid(5d2aec5ec2ccc314da75c3b1accf0ddc) Importer(815301076,1909f56bfc062723c751e8b465ee728b)  -> (artifact id: 'deda355cb8e4d33cb811df02ed41df06') in 0.013582 seconds 
  Import took 0.016501 seconds .

========================================================================
Received Import Request.
  Time since last request: 0.000209 seconds.
  path: Assets/Prefabs/material/Material.051.mat
  artifactKey: Guid(c95ad4952f06f674ebfc7d33e867f65c) Importer(815301076,1909f56bfc062723c751e8b465ee728b)
Start importing Assets/Prefabs/material/Material.051.mat using Guid(c95ad4952f06f674ebfc7d33e867f65c) Importer(815301076,1909f56bfc062723c751e8b465ee728b)  -> (artifact id: '5fc6d7accfc0a04a2e267ac5e6844509') in 0.012439 seconds 
  Import took 0.015069 seconds .

========================================================================
Received Import Request.
  Time since last request: 0.000186 seconds.
  path: Assets/Prefabs/material/Material.009.mat
  artifactKey: Guid(9fbe12b66a7dcd04cad815da422ad25f) Importer(815301076,1909f56bfc062723c751e8b465ee728b)
Start importing Assets/Prefabs/material/Material.009.mat using Guid(9fbe12b66a7dcd04cad815da422ad25f) Importer(815301076,1909f56bfc062723c751e8b465ee728b)  -> (artifact id: '742ed505c366abbf130c6f3c2b7e9e3c') in 0.012406 seconds 
  Import took 0.015141 seconds .

========================================================================
Received Import Request.
  Time since last request: 0.000208 seconds.
  path: Assets/Prefabs/material/Material.049.mat
  artifactKey: Guid(686becda0daad5845a0aae506656149e) Importer(815301076,1909f56bfc062723c751e8b465ee728b)
Start importing Assets/Prefabs/material/Material.049.mat using Guid(686becda0daad5845a0aae506656149e) Importer(815301076,1909f56bfc062723c751e8b465ee728b)  -> (artifact id: '23dfe8768cab6a84cfee12472fc2a34e') in 0.014393 seconds 
  Import took 0.017027 seconds .

========================================================================
Received Import Request.
  Time since last request: 0.000191 seconds.
  path: Assets/Prefabs/material/Material.088.mat
  artifactKey: Guid(7cc6facb999c1854fbb2d26dd85f2496) Importer(815301076,1909f56bfc062723c751e8b465ee728b)
Start importing Assets/Prefabs/material/Material.088.mat using Guid(7cc6facb999c1854fbb2d26dd85f2496) Importer(815301076,1909f56bfc062723c751e8b465ee728b)  -> (artifact id: '531d1078f526c7093cebaf6a9003aa56') in 0.012962 seconds 
  Import took 0.015692 seconds .

========================================================================
Received Import Request.
  Time since last request: 0.000202 seconds.
  path: Assets/Prefabs/material/Material.085.mat
  artifactKey: Guid(082697a9cd5f7004ebfbdaf953ec6995) Importer(815301076,1909f56bfc062723c751e8b465ee728b)
Start importing Assets/Prefabs/material/Material.085.mat using Guid(082697a9cd5f7004ebfbdaf953ec6995) Importer(815301076,1909f56bfc062723c751e8b465ee728b)  -> (artifact id: 'd7fa40f1124c27b588dd66c23a7d1c5d') in 0.012467 seconds 
  Import took 0.015008 seconds .

========================================================================
Received Import Request.
  Time since last request: 0.000229 seconds.
  path: Assets/Prefabs/material/Material.047.mat
  artifactKey: Guid(f07d12bd7dc976b4a9c05e29b4379976) Importer(815301076,1909f56bfc062723c751e8b465ee728b)
Start importing Assets/Prefabs/material/Material.047.mat using Guid(f07d12bd7dc976b4a9c05e29b4379976) Importer(815301076,1909f56bfc062723c751e8b465ee728b)  -> (artifact id: '2fe58b3309120f8d24db611c336547be') in 0.013528 seconds 
  Import took 0.016318 seconds .

========================================================================
Received Import Request.
  Time since last request: 0.000239 seconds.
  path: Assets/Prefabs/material/Material.076.mat
  artifactKey: Guid(c2be340b979b8ad4d97a3765d6c7b00b) Importer(815301076,1909f56bfc062723c751e8b465ee728b)
Start importing Assets/Prefabs/material/Material.076.mat using Guid(c2be340b979b8ad4d97a3765d6c7b00b) Importer(815301076,1909f56bfc062723c751e8b465ee728b)  -> (artifact id: '7ee6b8f70678348b277c8386da81be4a') in 0.012828 seconds 
  Import took 0.015748 seconds .

========================================================================
Received Import Request.
  Time since last request: 0.000161 seconds.
  path: Assets/Prefabs/material/Material.092.mat
  artifactKey: Guid(f5e55b17eaa717b439235622b22d7688) Importer(815301076,1909f56bfc062723c751e8b465ee728b)
Start importing Assets/Prefabs/material/Material.092.mat using Guid(f5e55b17eaa717b439235622b22d7688) Importer(815301076,1909f56bfc062723c751e8b465ee728b)  -> (artifact id: 'ec29e452ab47382e1c77a5b183d5d263') in 0.012432 seconds 
  Import took 0.014797 seconds .

========================================================================
Received Import Request.
  Time since last request: 0.000193 seconds.
  path: Assets/Prefabs/material/Material.107.mat
  artifactKey: Guid(649a87a6275a33245ae56dc994981080) Importer(815301076,1909f56bfc062723c751e8b465ee728b)
Start importing Assets/Prefabs/material/Material.107.mat using Guid(649a87a6275a33245ae56dc994981080) Importer(815301076,1909f56bfc062723c751e8b465ee728b)  -> (artifact id: '6a1a69e585dae31aba665e2b7df0998d') in 0.014148 seconds 
  Import took 0.016651 seconds .

========================================================================
Received Import Request.
  Time since last request: 0.000165 seconds.
  path: Assets/Prefabs/material/Material.005.mat
  artifactKey: Guid(d5a70196660399949bf76246a0f5b2c4) Importer(815301076,1909f56bfc062723c751e8b465ee728b)
Start importing Assets/Prefabs/material/Material.005.mat using Guid(d5a70196660399949bf76246a0f5b2c4) Importer(815301076,1909f56bfc062723c751e8b465ee728b)  -> (artifact id: '1e87bbedd2dab2d18745139b5c9cfc18') in 0.013710 seconds 
  Import took 0.016534 seconds .

========================================================================
Received Import Request.
  Time since last request: 0.000231 seconds.
  path: Assets/Prefabs/material/Material.081.mat
  artifactKey: Guid(da0713dd25370f5478f66511e0c02de7) Importer(815301076,1909f56bfc062723c751e8b465ee728b)
Start importing Assets/Prefabs/material/Material.081.mat using Guid(da0713dd25370f5478f66511e0c02de7) Importer(815301076,1909f56bfc062723c751e8b465ee728b)  -> (artifact id: '78876d4a7c2231779b2d60340d4428c9') in 0.012727 seconds 
  Import took 0.015384 seconds .

========================================================================
Received Import Request.
  Time since last request: 0.000193 seconds.
  path: Assets/Prefabs/material/Material.070.mat
  artifactKey: Guid(621a565419262da4fb0f21bb85d09a09) Importer(815301076,1909f56bfc062723c751e8b465ee728b)
Start importing Assets/Prefabs/material/Material.070.mat using Guid(621a565419262da4fb0f21bb85d09a09) Importer(815301076,1909f56bfc062723c751e8b465ee728b)  -> (artifact id: '9b80ddd82a51c32666155bd5d318d56b') in 0.012662 seconds 
  Import took 0.015315 seconds .

========================================================================
Received Import Request.
  Time since last request: 0.000227 seconds.
  path: Assets/Prefabs/material/Material.109 1.mat
  artifactKey: Guid(f3fe26dfd397d824b814a790e00316c5) Importer(815301076,1909f56bfc062723c751e8b465ee728b)
Start importing Assets/Prefabs/material/Material.109 1.mat using Guid(f3fe26dfd397d824b814a790e00316c5) Importer(815301076,1909f56bfc062723c751e8b465ee728b)  -> (artifact id: '1e02f494efdbb2ac87cdd54069c6a584') in 0.013922 seconds 
  Import took 0.016885 seconds .

========================================================================
Received Import Request.
  Time since last request: 0.000201 seconds.
  path: Assets/Prefabs/material/Material.087.mat
  artifactKey: Guid(97b4e3d4ef9ccf544b205d8865a3ce50) Importer(815301076,1909f56bfc062723c751e8b465ee728b)
Start importing Assets/Prefabs/material/Material.087.mat using Guid(97b4e3d4ef9ccf544b205d8865a3ce50) Importer(815301076,1909f56bfc062723c751e8b465ee728b)  -> (artifact id: 'b4aa76820a34ad5b2690d3ab6678c9de') in 0.012253 seconds 
  Import took 0.014738 seconds .

========================================================================
Received Import Request.
  Time since last request: 0.000204 seconds.
  path: Assets/Prefabs/material/Material.043.mat
  artifactKey: Guid(ae324f0b51db4894291873707d73d37e) Importer(815301076,1909f56bfc062723c751e8b465ee728b)
Start importing Assets/Prefabs/material/Material.043.mat using Guid(ae324f0b51db4894291873707d73d37e) Importer(815301076,1909f56bfc062723c751e8b465ee728b)  -> (artifact id: 'b6341ca90f87e09217afdd79676c35d1') in 0.012251 seconds 
  Import took 0.014692 seconds .

========================================================================
Received Import Request.
  Time since last request: 0.000179 seconds.
  path: Assets/Prefabs/material/Material.063.mat
  artifactKey: Guid(11fa21604bee51447a9308338d9f1772) Importer(815301076,1909f56bfc062723c751e8b465ee728b)
Start importing Assets/Prefabs/material/Material.063.mat using Guid(11fa21604bee51447a9308338d9f1772) Importer(815301076,1909f56bfc062723c751e8b465ee728b)  -> (artifact id: 'e5290115c6ee56f2718d97b067e9311d') in 0.012463 seconds 
  Import took 0.014819 seconds .

========================================================================
Received Import Request.
  Time since last request: 0.000228 seconds.
  path: Assets/Prefabs/material/Material.104.mat
  artifactKey: Guid(8711d52515fb5c74ba46ae617647f0ec) Importer(815301076,1909f56bfc062723c751e8b465ee728b)
Start importing Assets/Prefabs/material/Material.104.mat using Guid(8711d52515fb5c74ba46ae617647f0ec) Importer(815301076,1909f56bfc062723c751e8b465ee728b)  -> (artifact id: '8f711b239f7006cbc52f30cb78915101') in 0.014398 seconds 
  Import took 0.017665 seconds .

========================================================================
Received Import Request.
  Time since last request: 0.000207 seconds.
  path: Assets/Prefabs/material/Material.010.mat
  artifactKey: Guid(494786fb5d0a0f44d96b88e7c9aaf383) Importer(815301076,1909f56bfc062723c751e8b465ee728b)
Start importing Assets/Prefabs/material/Material.010.mat using Guid(494786fb5d0a0f44d96b88e7c9aaf383) Importer(815301076,1909f56bfc062723c751e8b465ee728b)  -> (artifact id: '7a46f0c090f1385ba01b1b08e2d22143') in 0.012021 seconds 
  Import took 0.014723 seconds .

========================================================================
Received Import Request.
  Time since last request: 0.000234 seconds.
  path: Assets/Prefabs/material/Material.106.mat
  artifactKey: Guid(596fb1d25fe781f4c87e4f199672dbc6) Importer(815301076,1909f56bfc062723c751e8b465ee728b)
Start importing Assets/Prefabs/material/Material.106.mat using Guid(596fb1d25fe781f4c87e4f199672dbc6) Importer(815301076,1909f56bfc062723c751e8b465ee728b)  -> (artifact id: 'a9ee5e2a7d4a688761b02331b7c8e46c') in 0.014026 seconds 
  Import took 0.016812 seconds .

========================================================================
Received Import Request.
  Time since last request: 0.000198 seconds.
  path: Assets/Prefabs/material/Material.004.mat
  artifactKey: Guid(fa5c92a783754484795581e5a9981e76) Importer(815301076,1909f56bfc062723c751e8b465ee728b)
Start importing Assets/Prefabs/material/Material.004.mat using Guid(fa5c92a783754484795581e5a9981e76) Importer(815301076,1909f56bfc062723c751e8b465ee728b)  -> (artifact id: '67728168b299c7dfcca1fc6cf64b1e15') in 0.012457 seconds 
  Import took 0.014935 seconds .

========================================================================
Received Import Request.
  Time since last request: 0.000195 seconds.
  path: Assets/Prefabs/material/Material.038.mat
  artifactKey: Guid(d0664813ce1338e4a8e71339361e0c81) Importer(815301076,1909f56bfc062723c751e8b465ee728b)
Start importing Assets/Prefabs/material/Material.038.mat using Guid(d0664813ce1338e4a8e71339361e0c81) Importer(815301076,1909f56bfc062723c751e8b465ee728b)  -> (artifact id: 'e6ace76522e413cfe1208306f81733f8') in 0.013112 seconds 
  Import took 0.015518 seconds .

========================================================================
Received Import Request.
  Time since last request: 0.000158 seconds.
  path: Assets/Prefabs/material/Material.057.mat
  artifactKey: Guid(594934e9ccd03ff4189b7edaf27bfbb7) Importer(815301076,1909f56bfc062723c751e8b465ee728b)
Start importing Assets/Prefabs/material/Material.057.mat using Guid(594934e9ccd03ff4189b7edaf27bfbb7) Importer(815301076,1909f56bfc062723c751e8b465ee728b)  -> (artifact id: 'af306085e7bae320cc9a6d7c53017791') in 0.012475 seconds 
  Import took 0.014906 seconds .

========================================================================
Received Import Request.
  Time since last request: 0.000205 seconds.
  path: Assets/Prefabs/material/Material.071.mat
  artifactKey: Guid(f94d99afcc7a1f24e9339040e28686cb) Importer(815301076,1909f56bfc062723c751e8b465ee728b)
Start importing Assets/Prefabs/material/Material.071.mat using Guid(f94d99afcc7a1f24e9339040e28686cb) Importer(815301076,1909f56bfc062723c751e8b465ee728b)  -> (artifact id: '9ae6a786a7c23c610d0f807b00252f27') in 0.012623 seconds 
  Import took 0.015205 seconds .

========================================================================
Received Import Request.
  Time since last request: 0.000228 seconds.
  path: Assets/Prefabs/material/Material.006.mat
  artifactKey: Guid(5178c875d77545b4eb8d0395f1f983f3) Importer(815301076,1909f56bfc062723c751e8b465ee728b)
Start importing Assets/Prefabs/material/Material.006.mat using Guid(5178c875d77545b4eb8d0395f1f983f3) Importer(815301076,1909f56bfc062723c751e8b465ee728b)  -> (artifact id: '2fe4eafab02378e33787664f251d4122') in 0.012238 seconds 
  Import took 0.014970 seconds .

========================================================================
Received Import Request.
  Time since last request: 0.000232 seconds.
  path: Assets/Prefabs/material/Material.040.mat
  artifactKey: Guid(5317083f2ae6a0a4f9e86ea9ee682e29) Importer(815301076,1909f56bfc062723c751e8b465ee728b)
Start importing Assets/Prefabs/material/Material.040.mat using Guid(5317083f2ae6a0a4f9e86ea9ee682e29) Importer(815301076,1909f56bfc062723c751e8b465ee728b)  -> (artifact id: '80488885a27289b203a3a91f2d7ae58a') in 0.012871 seconds 
  Import took 0.015554 seconds .

========================================================================
Received Import Request.
  Time since last request: 0.000193 seconds.
  path: Assets/Prefabs/material/Material.077.mat
  artifactKey: Guid(c50ec77ff0a3be54fb3ad0cf55f875aa) Importer(815301076,1909f56bfc062723c751e8b465ee728b)
Start importing Assets/Prefabs/material/Material.077.mat using Guid(c50ec77ff0a3be54fb3ad0cf55f875aa) Importer(815301076,1909f56bfc062723c751e8b465ee728b)  -> (artifact id: 'b30e28fd8e625ccb6bfe3ba1d32755a6') in 0.014172 seconds 
  Import took 0.016707 seconds .

========================================================================
Received Import Request.
  Time since last request: 0.000174 seconds.
  path: Assets/Prefabs/material/Material.096.mat
  artifactKey: Guid(d85b888297a4d51429396b6a00792f6e) Importer(815301076,1909f56bfc062723c751e8b465ee728b)
Start importing Assets/Prefabs/material/Material.096.mat using Guid(d85b888297a4d51429396b6a00792f6e) Importer(815301076,1909f56bfc062723c751e8b465ee728b)  -> (artifact id: '3acb2b81cca3994ae11ac8d144b6ca7d') in 0.013391 seconds 
  Import took 0.016186 seconds .

========================================================================
Received Import Request.
  Time since last request: 0.000244 seconds.
  path: Assets/Prefabs/material/Material.046.mat
  artifactKey: Guid(d6aed30c85d9a81479e16aa4ac7d0e18) Importer(815301076,1909f56bfc062723c751e8b465ee728b)
Start importing Assets/Prefabs/material/Material.046.mat using Guid(d6aed30c85d9a81479e16aa4ac7d0e18) Importer(815301076,1909f56bfc062723c751e8b465ee728b)  -> (artifact id: '007a8ce5a00ba87887cabbeac4b9ead3') in 0.012562 seconds 
  Import took 0.015395 seconds .

========================================================================
Received Import Request.
  Time since last request: 0.000234 seconds.
  path: Assets/Prefabs/material/Material.011.mat
  artifactKey: Guid(a7be2a4810b68954b8b53d5f2f06a4e8) Importer(815301076,1909f56bfc062723c751e8b465ee728b)
Start importing Assets/Prefabs/material/Material.011.mat using Guid(a7be2a4810b68954b8b53d5f2f06a4e8) Importer(815301076,1909f56bfc062723c751e8b465ee728b)  -> (artifact id: '4cb2da905bf9e898786311b9de1e50d0') in 0.012755 seconds 
  Import took 0.015516 seconds .

========================================================================
Received Import Request.
  Time since last request: 0.000206 seconds.
  path: Assets/Prefabs/material/Material.013.mat
  artifactKey: Guid(1b465b799a5c3824fb6ca27f5108307a) Importer(815301076,1909f56bfc062723c751e8b465ee728b)
Start importing Assets/Prefabs/material/Material.013.mat using Guid(1b465b799a5c3824fb6ca27f5108307a) Importer(815301076,1909f56bfc062723c751e8b465ee728b)  -> (artifact id: 'cdcbf055002bc41aa38db14e4012ba11') in 0.013189 seconds 
  Import took 0.015621 seconds .

========================================================================
Received Import Request.
  Time since last request: 0.000248 seconds.
  path: Assets/Prefabs/material/Material.101.mat
  artifactKey: Guid(7990f51f8fd23e445b8bb9950804b5a5) Importer(815301076,1909f56bfc062723c751e8b465ee728b)
Start importing Assets/Prefabs/material/Material.101.mat using Guid(7990f51f8fd23e445b8bb9950804b5a5) Importer(815301076,1909f56bfc062723c751e8b465ee728b)  -> (artifact id: 'e21754af261bb59b7594ad4e11ccf108') in 0.013047 seconds 
  Import took 0.015702 seconds .

========================================================================
Received Import Request.
  Time since last request: 0.431017 seconds.
  path: Assets/Prefabs/textura/cardboard texture across - copia.jpg
  artifactKey: Guid(5909bdb42346352498885f5a07b53d70) Importer(815301076,1909f56bfc062723c751e8b465ee728b)
Start importing Assets/Prefabs/textura/cardboard texture across - copia.jpg using Guid(5909bdb42346352498885f5a07b53d70) Importer(815301076,1909f56bfc062723c751e8b465ee728b)  -> (artifact id: 'caa7d55955e335609e30c60f9866c7d8') in 0.122200 seconds 
  Import took 0.124867 seconds .

========================================================================
Received Import Request.
  Time since last request: 0.000171 seconds.
  path: Assets/Prefabs/textura/cardboard texture across.jpg
  artifactKey: Guid(746e95b9c529cbd46bfc0a4b0d78c3a0) Importer(815301076,1909f56bfc062723c751e8b465ee728b)
Start importing Assets/Prefabs/textura/cardboard texture across.jpg using Guid(746e95b9c529cbd46bfc0a4b0d78c3a0) Importer(815301076,1909f56bfc062723c751e8b465ee728b)  -> (artifact id: '9aeb25f6ab1a653d0cc81d79b7275567') in 0.028671 seconds 
  Import took 0.031187 seconds .

========================================================================
Received Import Request.
  Time since last request: 0.000233 seconds.
  path: Assets/Prefabs/textura/carton.PNG
  artifactKey: Guid(2b8a167095c5be940863a1cecf213e3d) Importer(815301076,1909f56bfc062723c751e8b465ee728b)
Start importing Assets/Prefabs/textura/carton.PNG using Guid(2b8a167095c5be940863a1cecf213e3d) Importer(815301076,1909f56bfc062723c751e8b465ee728b)  -> (artifact id: '64319375da5ddb91064b2fa78f520205') in 0.013950 seconds 
  Import took 0.016635 seconds .

========================================================================
Received Import Request.
  Time since last request: 0.000176 seconds.
  path: Assets/Prefabs/textura/cardboard texture across.jpg
  artifactKey: Guid(746e95b9c529cbd46bfc0a4b0d78c3a0) Importer(815301076,1909f56bfc062723c751e8b465ee728b)
Start importing Assets/Prefabs/textura/cardboard texture across.jpg using Guid(746e95b9c529cbd46bfc0a4b0d78c3a0) Importer(815301076,1909f56bfc062723c751e8b465ee728b)  -> (artifact id: '9aeb25f6ab1a653d0cc81d79b7275567') in 0.010357 seconds 
  Import took 0.012762 seconds .

========================================================================
Received Import Request.
  Time since last request: 0.000213 seconds.
  path: Assets/Prefabs/textura/carton.PNG
  artifactKey: Guid(2b8a167095c5be940863a1cecf213e3d) Importer(815301076,1909f56bfc062723c751e8b465ee728b)
Start importing Assets/Prefabs/textura/carton.PNG using Guid(2b8a167095c5be940863a1cecf213e3d) Importer(815301076,1909f56bfc062723c751e8b465ee728b)  -> (artifact id: '64319375da5ddb91064b2fa78f520205') in 0.012658 seconds 
  Import took 0.015169 seconds .

========================================================================
Received Import Request.
  Time since last request: 0.000212 seconds.
  path: Assets/Prefabs/textura/textura papel.jpg
  artifactKey: Guid(1058bd6a5e229a547b579a6a350bce02) Importer(815301076,1909f56bfc062723c751e8b465ee728b)
Start importing Assets/Prefabs/textura/textura papel.jpg using Guid(1058bd6a5e229a547b579a6a350bce02) Importer(815301076,1909f56bfc062723c751e8b465ee728b)  -> (artifact id: '80bd94a4eb575125639269be3e733748') in 0.011777 seconds 
  Import took 0.014455 seconds .

========================================================================
Received Import Request.
  Time since last request: 0.000168 seconds.
  path: Assets/Prefabs/textura/TexturesCom_Paper_Cardboard_1K_albedo.tif
  artifactKey: Guid(b004e5922dd00294a9f53a06139a4cd2) Importer(815301076,1909f56bfc062723c751e8b465ee728b)
Start importing Assets/Prefabs/textura/TexturesCom_Paper_Cardboard_1K_albedo.tif using Guid(b004e5922dd00294a9f53a06139a4cd2) Importer(815301076,1909f56bfc062723c751e8b465ee728b)  -> (artifact id: '0feb0b9580080b40d768d3fad7fc2570') in 0.098384 seconds 
  Import took 0.100791 seconds .

AssetImportWorkerClient::OnTransportError - code=2 error=End of file
